<?xml version="1.0" encoding="UTF-8"?>
<!-- Generated by org.testng.reporters.JUnitXMLReporter -->
<testsuite ignored="0" hostname="cdc2-l-428650r" failures="0" tests="4" name="Default test" time="0.116" errors="0" timestamp="2024-10-21T22:57:16 IST">
  <testcase classname="org.accensportz.priority" name="f1" time="0.014"/>
  <testcase classname="org.accensportz.priority" name="f2" time="0.002"/>
  <testcase classname="org.accensportz.priority" name="f3" time="0.002"/>
  <testcase classname="org.accensportz.priority" name="f4" time="0.002"/>
</testsuite> <!-- Default test -->
