<?xml version="1.0" encoding="UTF-8"?>
<testng-results ignored="0" total="4" passed="4" failed="0" skipped="0">
  <reporter-output>
  </reporter-output>
  <suite started-at="2024-10-21T22:57:16 IST" name="Default suite" finished-at="2024-10-21T22:57:16 IST" duration-ms="116">
    <groups>
    </groups>
    <test started-at="2024-10-21T22:57:16 IST" name="Default test" finished-at="2024-10-21T22:57:16 IST" duration-ms="116">
      <class name="org.accensportz.priority">
        <test-method is-config="true" signature="beforeMethod()[pri:0, instance:org.accensportz.priority@409bf450]" started-at="2024-10-21T22:57:16 IST" name="beforeMethod" finished-at="2024-10-21T22:57:16 IST" duration-ms="15" status="PASS">
          <reporter-output>
          </reporter-output>
        </test-method> <!-- beforeMethod -->
        <test-method signature="f1()[pri:0, instance:org.accensportz.priority@409bf450]" started-at="2024-10-21T22:57:16 IST" name="f1" finished-at="2024-10-21T22:57:16 IST" duration-ms="14" status="PASS">
          <reporter-output>
          </reporter-output>
        </test-method> <!-- f1 -->
        <test-method is-config="true" signature="afterMethod()[pri:0, instance:org.accensportz.priority@409bf450]" started-at="2024-10-21T22:57:16 IST" name="afterMethod" finished-at="2024-10-21T22:57:16 IST" duration-ms="1" status="PASS">
          <reporter-output>
          </reporter-output>
        </test-method> <!-- afterMethod -->
        <test-method signature="f2()[pri:1, instance:org.accensportz.priority@409bf450]" started-at="2024-10-21T22:57:16 IST" name="f2" finished-at="2024-10-21T22:57:16 IST" duration-ms="2" status="PASS">
          <reporter-output>
          </reporter-output>
        </test-method> <!-- f2 -->
        <test-method is-config="true" signature="beforeMethod()[pri:0, instance:org.accensportz.priority@409bf450]" started-at="2024-10-21T22:57:16 IST" name="beforeMethod" finished-at="2024-10-21T22:57:16 IST" duration-ms="0" status="PASS">
          <reporter-output>
          </reporter-output>
        </test-method> <!-- beforeMethod -->
        <test-method is-config="true" signature="afterMethod()[pri:0, instance:org.accensportz.priority@409bf450]" started-at="2024-10-21T22:57:16 IST" name="afterMethod" finished-at="2024-10-21T22:57:16 IST" duration-ms="0" status="PASS">
          <reporter-output>
          </reporter-output>
        </test-method> <!-- afterMethod -->
        <test-method is-config="true" signature="beforeMethod()[pri:0, instance:org.accensportz.priority@409bf450]" started-at="2024-10-21T22:57:16 IST" name="beforeMethod" finished-at="2024-10-21T22:57:16 IST" duration-ms="1" status="PASS">
          <reporter-output>
          </reporter-output>
        </test-method> <!-- beforeMethod -->
        <test-method signature="f3()[pri:2, instance:org.accensportz.priority@409bf450]" started-at="2024-10-21T22:57:16 IST" name="f3" finished-at="2024-10-21T22:57:16 IST" duration-ms="2" status="PASS">
          <reporter-output>
          </reporter-output>
        </test-method> <!-- f3 -->
        <test-method is-config="true" signature="afterMethod()[pri:0, instance:org.accensportz.priority@409bf450]" started-at="2024-10-21T22:57:16 IST" name="afterMethod" finished-at="2024-10-21T22:57:16 IST" duration-ms="1" status="PASS">
          <reporter-output>
          </reporter-output>
        </test-method> <!-- afterMethod -->
        <test-method signature="f4()[pri:3, instance:org.accensportz.priority@409bf450]" started-at="2024-10-21T22:57:16 IST" name="f4" finished-at="2024-10-21T22:57:16 IST" duration-ms="2" status="PASS">
          <reporter-output>
          </reporter-output>
        </test-method> <!-- f4 -->
        <test-method is-config="true" signature="beforeMethod()[pri:0, instance:org.accensportz.priority@409bf450]" started-at="2024-10-21T22:57:16 IST" name="beforeMethod" finished-at="2024-10-21T22:57:16 IST" duration-ms="0" status="PASS">
          <reporter-output>
          </reporter-output>
        </test-method> <!-- beforeMethod -->
        <test-method is-config="true" signature="afterMethod()[pri:0, instance:org.accensportz.priority@409bf450]" started-at="2024-10-21T22:57:16 IST" name="afterMethod" finished-at="2024-10-21T22:57:16 IST" duration-ms="1" status="PASS">
          <reporter-output>
          </reporter-output>
        </test-method> <!-- afterMethod -->
      </class> <!-- org.accensportz.priority -->
    </test> <!-- Default test -->
  </suite> <!-- Default suite -->
</testng-results>
